<?xml version="1.0" encoding="UTF-8"?>
<!-- Generated by org.testng.reporters.JUnitReportReporter -->
<testsuite skipped="0" hostname="HDC2-D-CBWMXJ2" name="testngdemo.TestActionKeyboard" tests="1" failures="0" timestamp="13 Aug 2019 07:34:52 GMT" time="32.366" errors="0">
  <testcase name="f" time="32.366" classname="testngdemo.TestActionKeyboard"/>
</testsuite> <!-- testngdemo.TestActionKeyboard -->
