<?xml version="1.0" encoding="UTF-8"?>
<!-- Generated by org.testng.reporters.JUnitReportReporter -->
<testsuite skipped="0" hostname="HDC2-D-CBWMXJ2" name="testngdemo.Excelreading" tests="1" failures="0" timestamp="13 Aug 2019 10:57:29 GMT" time="0.795" errors="0">
  <testcase name="f" time="0.795" classname="testngdemo.Excelreading"/>
</testsuite> <!-- testngdemo.Excelreading -->
