<?xml version="1.0" encoding="UTF-8"?>
<!-- Generated by org.testng.reporters.JUnitReportReporter -->
<testsuite skipped="0" hostname="HDC2-D-CBWMXJ2" name="testngdemo.TestScreenshot" tests="1" failures="0" timestamp="13 Aug 2019 08:57:11 GMT" time="8.291" errors="0">
  <testcase name="f" time="8.291" classname="testngdemo.TestScreenshot"/>
</testsuite> <!-- testngdemo.TestScreenshot -->
