<?xml version="1.0" encoding="UTF-8"?>
<!-- Generated by org.testng.reporters.JUnitReportReporter -->
<testsuite skipped="0" hostname="HDC2-D-CBWMXJ2" name="testngdemo.Windowhandle" tests="1" failures="0" timestamp="13 Aug 2019 05:10:47 GMT" time="59.858" errors="0">
  <testcase name="f" time="59.858" classname="testngdemo.Windowhandle"/>
</testsuite> <!-- testngdemo.Windowhandle -->
