<?xml version="1.0" encoding="UTF-8"?>
<!-- Generated by org.testng.reporters.JUnitReportReporter -->
<testsuite skipped="0" hostname="HDC2-D-CBWMXJ2" name="testngdemo.DemoTestcase" tests="2" failures="0" timestamp="09 Aug 2019 10:45:21 GMT" time="0.015" errors="0">
  <testcase name="etransfer" time="0.008" classname="testngdemo.DemoTestcase"/>
  <testcase name="etransfer" time="0.007" classname="testngdemo.DemoTestcase"/>
</testsuite> <!-- testngdemo.DemoTestcase -->
