<?xml version="1.0" encoding="UTF-8"?>
<!-- Generated by org.testng.reporters.JUnitReportReporter -->
<testsuite skipped="0" hostname="HDC2-D-CBWMXJ2" name="Cruisetable" tests="1" failures="0" timestamp="13 Aug 2019 03:14:09 GMT" time="11.357" errors="0">
  <testcase name="sTest" time="11.357" classname="Cruisetable"/>
</testsuite> <!-- Cruisetable -->
