<?xml version="1.0" encoding="UTF-8"?>
<!-- Generated by org.testng.reporters.JUnitReportReporter -->
<testsuite skipped="1" hostname="HDC2-D-CBWMXJ2" name="testngdemo.ExtentReportsTest" tests="3" failures="0" timestamp="14 Aug 2019 07:39:00 GMT" time="0.035" errors="0">
  <testcase name="skipTest" time="0.002" classname="testngdemo.ExtentReportsTest">
    <skipped/>
  </testcase> <!-- skipTest -->
  <testcase name="passTest" time="0.019" classname="testngdemo.ExtentReportsTest"/>
  <testcase name="failTest" time="0.014" classname="testngdemo.ExtentReportsTest"/>
</testsuite> <!-- testngdemo.ExtentReportsTest -->
