<?xml version="1.0" encoding="UTF-8"?>
<!-- Generated by org.testng.reporters.JUnitReportReporter -->
<testsuite skipped="0" hostname="HDC2-D-CBWMXJ2" name="InsidePassage" tests="1" failures="0" timestamp="13 Aug 2019 04:09:34 GMT" time="8.944" errors="0">
  <testcase name="sTest" time="8.944" classname="InsidePassage"/>
</testsuite> <!-- InsidePassage -->
