<?xml version="1.0" encoding="UTF-8"?>
<!-- Generated by org.testng.reporters.JUnitReportReporter -->
<testsuite skipped="0" hostname="HDC2-L-2CF7QQ2" name="testngdemo.DemoTestng2" tests="1" failures="0" timestamp="09 Aug 2019 09:12:02 GMT" time="0.001" errors="0">
  <testcase name="etransfer" time="0.001" classname="testngdemo.DemoTestng2"/>
</testsuite> <!-- testngdemo.DemoTestng2 -->
