<?xml version="1.0" encoding="UTF-8"?>
<!-- Generated by org.testng.reporters.JUnitReportReporter -->
<testsuite skipped="0" hostname="HDC2-D-CBWMXJ2" name="xpath" tests="1" failures="0" timestamp="12 Aug 2019 10:50:14 GMT" time="8.906" errors="0">
  <testcase name="sTest" time="8.906" classname="xpath"/>
</testsuite> <!-- xpath -->
