<?xml version="1.0" encoding="UTF-8"?>
<!-- Generated by org.testng.reporters.JUnitReportReporter -->
<testsuite skipped="0" hostname="HDC2-D-CBWMXJ2" name="Excel" tests="1" failures="0" timestamp="13 Aug 2019 10:08:50 GMT" time="1.034" errors="0">
  <testcase name="f" time="1.034" classname="Excel"/>
</testsuite> <!-- Excel -->
