<?xml version="1.0" encoding="UTF-8"?>
<!-- Generated by org.testng.reporters.JUnitReportReporter -->
<testsuite skipped="0" hostname="HDC2-D-CBWMXJ2" name="testngdemo.Alertbox" tests="1" failures="0" timestamp="13 Aug 2019 05:25:20 GMT" time="10.001" errors="0">
  <testcase name="f" time="10.001" classname="testngdemo.Alertbox"/>
</testsuite> <!-- testngdemo.Alertbox -->
