<?xml version="1.0" encoding="UTF-8"?>
<!-- Generated by org.testng.reporters.JUnitReportReporter -->
<testsuite skipped="0" hostname="HDC2-D-CBWMXJ2" name="collection" tests="1" failures="0" timestamp="12 Aug 2019 10:17:53 GMT" time="9.701" errors="0">
  <testcase name="sTest" time="9.701" classname="collection"/>
</testsuite> <!-- collection -->
