<?xml version="1.0" encoding="UTF-8"?>
<!-- Generated by org.testng.reporters.JUnitReportReporter -->
<testsuite skipped="0" hostname="HDC2-D-CBWMXJ2" name="testngdemo.Scenario1" tests="1" failures="0" timestamp="13 Aug 2019 09:28:01 GMT" time="29.545" errors="0">
  <testcase name="f" time="29.545" classname="testngdemo.Scenario1"/>
</testsuite> <!-- testngdemo.Scenario1 -->
