<?xml version="1.0" encoding="UTF-8"?>
<!-- Generated by org.testng.reporters.JUnitReportReporter -->
<testsuite skipped="0" hostname="HDC2-D-CBWMXJ2" name="testngdemo.DemoTestNg" tests="6" failures="0" timestamp="09 Aug 2019 10:45:21 GMT" time="0.033" errors="0">
  <testcase name="openApp" time="0.004" classname="testngdemo.DemoTestNg"/>
  <testcase name="openApp" time="0.001" classname="testngdemo.DemoTestNg"/>
  <testcase name="login" time="0.004" classname="testngdemo.DemoTestNg"/>
  <testcase name="login" time="0.011" classname="testngdemo.DemoTestNg"/>
  <testcase name="logout" time="0.010" classname="testngdemo.DemoTestNg"/>
  <testcase name="logout" time="0.003" classname="testngdemo.DemoTestNg"/>
</testsuite> <!-- testngdemo.DemoTestNg -->
